<?xml version="1.0" encoding="UTF-8"?>
<!-- Generated by org.testng.reporters.JUnitReportReporter -->
<testsuite skipped="0" hostname="BLT044" name="com.cts.magentoLoginTest.RegestrationTest" tests="3" failures="0" timestamp="04 Mar 2020 09:58:28 GMT" time="105.773" errors="0">
  <testcase name="regestrationTest" time="38.485" classname="com.cts.magentoLoginTest.RegestrationTest"/>
  <testcase name="regestrationTest" time="28.862" classname="com.cts.magentoLoginTest.RegestrationTest"/>
  <testcase name="regestrationTest" time="38.426" classname="com.cts.magentoLoginTest.RegestrationTest"/>
</testsuite> <!-- com.cts.magentoLoginTest.RegestrationTest -->
